<?xml version="1.0" encoding="UTF-8"?>
<beans xmlns="http://www.springframework.org/schema/beans"
       xmlns:xsi="http://www.w3.org/2001/XMLSchema-instance"
       xmlns:p="http://www.springframework.org/schema/p"
       xmlns:tx="http://www.springframework.org/schema/tx"
       xmlns:context="http://www.springframework.org/schema/context"
       xsi:schemaLocation="http://www.springframework.org/schema/beans
                           http://www.springframework.org/schema/beans/spring-beans.xsd
                           http://www.springframework.org/schema/tx
                           http://www.springframework.org/schema/tx/spring-tx.xsd">

	<!-- Hibernate Transaction Manager -->
    <bean id="transactionManager" class="org.springframework.orm.hibernate4.HibernateTransactionManager">
        <property name="sessionFactory" ref="sessionFactory"/>
    </bean>

    <!-- Activates annotation based transaction management -->
    <tx:annotation-driven transaction-manager="transactionManager"/>


	<bean class="org.springframework.beans.factory.config.PropertyPlaceholderConfigurer">
		<property name="location">
			<value>connection.properties</value>
		</property>
	</bean>

	<bean id="storyService" class="com.express.pony.service.impl.StoryServiceImpl">
	</bean>

	<bean id="userService" class="com.express.pony.service.impl.UserServiceImpl">
	</bean>

	<bean id="storyDao" class="com.express.pony.dao.impl.StoryDaoImpl">
	</bean>

	<bean id="userDao" class="com.express.pony.dao.impl.UserDaoImpl">
	</bean>

    <bean id="sessionFactory" class="org.springframework.orm.hibernate4.LocalSessionFactoryBean">
        <property name="dataSource" ref="dataSource"/>
        <property name="configLocation" value="classpath:hibernate.cfg.xml"/>
        <property name="hibernateProperties">
            <props>
                <prop key="hibernate.dialect">${mysql.jdbc.dialect}</prop>
                <prop key="hibernate.connection.driver_class">${mysql.login.jdbc.driver}</prop>
                <prop key="hibernate.connection.url">${mysql.login.url}</prop>
                <prop key="hibernate.connection.username">${mysql.login.username}</prop>
                <prop key="hibernate.connection.password">${mysql.login.password}</prop>

                <!-- Echo all executed SQL to stdout -->
                <prop key="hibernate.show_sql">true</prop>
                <prop key="hibernate.hbm2ddl.auto">update</prop>

            </props>
        </property>
    </bean>

    <bean id="dataSource" class="org.springframework.jdbc.datasource.DriverManagerDataSource">
        <property name="driverClassName" value="${mysql.login.jdbc.driver}" />
        <property name="url" value="${mysql.login.url}" />
        <property name="username" value="${mysql.login.username}" />
        <property name="password" value="${mysql.login.password}" />
    </bean>




</beans>